[debug] [2018-05-29T19:36:33.995Z] ----------------------------------------------------------------------
[debug] [2018-05-29T19:36:33.998Z] Command:       C:\Program Files\nodejs\node.exe C:\Users\ranil.TOWN\AppData\Roaming\npm\node_modules\firebase-tools\bin\firebase serve
[debug] [2018-05-29T19:36:33.998Z] CLI Version:   3.18.5
[debug] [2018-05-29T19:36:33.998Z] Platform:      win32
[debug] [2018-05-29T19:36:33.998Z] Node Version:  v8.11.1
[debug] [2018-05-29T19:36:34.000Z] Time:          Tue May 29 2018 22:36:33 GMT+0300 (Jerusalem Daylight Time)
[debug] [2018-05-29T19:36:34.000Z] ----------------------------------------------------------------------
[debug] 
[debug] [2018-05-29T19:36:34.008Z] > command requires scopes: ["email","openid","https://www.googleapis.com/auth/cloudplatformprojects.readonly","https://www.googleapis.com/auth/firebase","https://www.googleapis.com/auth/cloud-platform"]
[debug] [2018-05-29T19:36:34.012Z] > authorizing via signed-in user
[debug] [2018-05-29T19:36:34.012Z] >>> HTTP REQUEST GET https://admin.firebase.com/v1/projects/linecalculator1  
  
 Tue May 29 2018 22:36:34 GMT+0300 (Jerusalem Daylight Time)
[debug] [2018-05-29T19:36:35.053Z] <<< HTTP RESPONSE 200
[debug] [2018-05-29T19:36:35.057Z] >>> HTTP REQUEST GET https://admin.firebase.com/v1/database/linecalculator1/tokens  
  
 Tue May 29 2018 22:36:35 GMT+0300 (Jerusalem Daylight Time)
[debug] [2018-05-29T19:36:36.199Z] <<< HTTP RESPONSE 200
[debug] [2018-05-29T19:36:36.200Z] >>> HTTP REQUEST GET https://cloudresourcemanager.googleapis.com/v1/projects/linecalculator1  
  
 Tue May 29 2018 22:36:36 GMT+0300 (Jerusalem Daylight Time)
[debug] [2018-05-29T19:36:37.147Z] <<< HTTP RESPONSE 200
[info] 
[info] === Serving from 'C:\dev\GitHub\LineCalculator\LineCalculator'...
[info] 
[debug] [2018-05-29T19:36:37.151Z] >>> HTTP REQUEST GET https://mobilesdk-pa.googleapis.com/v1/projects/413115583509/clients/_:getWebAppConfig  
  
 Tue May 29 2018 22:36:37 GMT+0300 (Jerusalem Daylight Time)
[debug] [2018-05-29T19:36:37.895Z] <<< HTTP RESPONSE 200
[info] i  hosting: Serving hosting files from: public
[info] +  hosting: Local server: http://localhost:5000

